2019-05-04 09:51:48,984 ERROR [pyramid_debugtoolbar:279][waitress] Uncaught ValueError at http://localhost:8080/volume
traceback url: http://localhost:8080/_debug_toolbar/34363433313939323936/exception
Traceback (most recent call last):
  File "/Users/oliverdownard/.local/share/virtualenvs/podcastpy-a1CntFnN/lib/python3.5/site-packages/pyramid/tweens.py", line 13, in _error_handler
    response = request.invoke_exception_view(exc_info)
  File "/Users/oliverdownard/.local/share/virtualenvs/podcastpy-a1CntFnN/lib/python3.5/site-packages/pyramid/view.py", line 769, in invoke_exception_view
    raise HTTPNotFound
pyramid.httpexceptions.HTTPNotFound: The resource could not be found.

During handling of the above exception, another exception occurred:

Traceback (most recent call last):
  File "/Users/oliverdownard/.local/share/virtualenvs/podcastpy-a1CntFnN/lib/python3.5/site-packages/pyramid_debugtoolbar/toolbar.py", line 257, in toolbar_tween
    response = _handler(request)
  File "/Users/oliverdownard/.local/share/virtualenvs/podcastpy-a1CntFnN/lib/python3.5/site-packages/pyramid_debugtoolbar/panels/performance.py", line 58, in resource_timer_handler
    result = handler(request)
  File "/Users/oliverdownard/.local/share/virtualenvs/podcastpy-a1CntFnN/lib/python3.5/site-packages/pyramid/tweens.py", line 43, in excview_tween
    response = _error_handler(request, exc)
  File "/Users/oliverdownard/.local/share/virtualenvs/podcastpy-a1CntFnN/lib/python3.5/site-packages/pyramid/tweens.py", line 17, in _error_handler
    reraise(*exc_info)
  File "/Users/oliverdownard/.local/share/virtualenvs/podcastpy-a1CntFnN/lib/python3.5/site-packages/pyramid/compat.py", line 179, in reraise
    raise value
  File "/Users/oliverdownard/.local/share/virtualenvs/podcastpy-a1CntFnN/lib/python3.5/site-packages/pyramid/tweens.py", line 41, in excview_tween
    response = handler(request)
  File "/Users/oliverdownard/.local/share/virtualenvs/podcastpy-a1CntFnN/lib/python3.5/site-packages/pyramid/router.py", line 148, in handle_request
    registry, request, context, context_iface, view_name
  File "/Users/oliverdownard/.local/share/virtualenvs/podcastpy-a1CntFnN/lib/python3.5/site-packages/pyramid/view.py", line 657, in _call_view
    response = view_callable(context, request)
  File "/Users/oliverdownard/.local/share/virtualenvs/podcastpy-a1CntFnN/lib/python3.5/site-packages/pyramid/config/views.py", line 169, in __call__
    return view(context, request)
  File "/Users/oliverdownard/.local/share/virtualenvs/podcastpy-a1CntFnN/lib/python3.5/site-packages/pyramid/config/views.py", line 188, in attr_view
    return view(context, request)
  File "/Users/oliverdownard/.local/share/virtualenvs/podcastpy-a1CntFnN/lib/python3.5/site-packages/pyramid/config/views.py", line 214, in predicate_wrapper
    return view(context, request)
  File "/Users/oliverdownard/.local/share/virtualenvs/podcastpy-a1CntFnN/lib/python3.5/site-packages/pyramid/viewderivers.py", line 401, in viewresult_to_response
    result = view(context, request)
  File "/Users/oliverdownard/.local/share/virtualenvs/podcastpy-a1CntFnN/lib/python3.5/site-packages/pyramid/viewderivers.py", line 144, in _requestonly_view
    response = view(request)
  File "/Users/oliverdownard/podcastpy/podcastpy/views/default.py", line 124, in get_current_volume_handler
    vol = get_volume()
  File "/Users/oliverdownard/podcastpy/podcastpy/views/default.py", line 93, in get_volume
    return int(res.read().strip('\n'))
ValueError: invalid literal for int() with base 10: ''
2019-05-04 09:51:55,414 INFO  [pyramid_debugtoolbar:268][waitress] Squashed pyramid.httpexceptions.HTTPNotFound at http://localhost:8080/egg
traceback url: http://localhost:8080/_debug_toolbar/34363238343033333132/exception
2019-05-04 09:52:59,136 INFO  [pyramid_debugtoolbar:268][waitress] Squashed pyramid.httpexceptions.HTTPNotFound at http://localhost:8080/egg
traceback url: http://localhost:8080/_debug_toolbar/34363532373934373132/exception
2019-05-04 09:53:03,701 WARNI [waitress.queue:115][MainThread] Task queue depth is 1
2019-05-04 09:53:03,722 WARNI [waitress.queue:115][MainThread] Task queue depth is 1
